<?xml version="1.0" encoding="UTF-8"?>
<testsuite xmlns:xsi="http://www.w3.org/2001/XMLSchema-instance" xsi:noNamespaceSchemaLocation="https://maven.apache.org/surefire/maven-surefire-plugin/xsd/surefire-test-report-3.0.xsd" version="3.0" name="CalcInterestTest" time="0.178" tests="16" errors="0" skipped="0" failures="0">
  <properties>
    <property name="java.specification.version" value="17"/>
    <property name="sun.cpu.isalist" value="amd64"/>
    <property name="sun.jnu.encoding" value="Cp1252"/>
    <property name="java.class.path" value="C:\Users\ryanr\OneDrive\Documents\GitHub\CS341-Assignment1\target\test-classes;C:\Users\ryanr\OneDrive\Documents\GitHub\CS341-Assignment1\target\classes;C:\Users\ryanr\.m2\repository\org\junit\jupiter\junit-jupiter-api\5.8.1\junit-jupiter-api-5.8.1.jar;C:\Users\ryanr\.m2\repository\org\opentest4j\opentest4j\1.2.0\opentest4j-1.2.0.jar;C:\Users\ryanr\.m2\repository\org\junit\platform\junit-platform-commons\1.8.1\junit-platform-commons-1.8.1.jar;C:\Users\ryanr\.m2\repository\org\junit\jupiter\junit-jupiter-engine\5.8.1\junit-jupiter-engine-5.8.1.jar;C:\Users\ryanr\.m2\repository\org\junit\platform\junit-platform-engine\1.8.1\junit-platform-engine-1.8.1.jar;C:\Users\ryanr\.m2\repository\org\apiguardian\apiguardian-api\1.1.0\apiguardian-api-1.1.0.jar;"/>
    <property name="java.vm.vendor" value="Oracle Corporation"/>
    <property name="sun.arch.data.model" value="64"/>
    <property name="user.variant" value=""/>
    <property name="java.vendor.url" value="https://java.oracle.com/"/>
    <property name="user.timezone" value="Pacific/Fiji"/>
    <property name="user.country.format" value="FJ"/>
    <property name="os.name" value="Windows 11"/>
    <property name="java.vm.specification.version" value="17"/>
    <property name="sun.java.launcher" value="SUN_STANDARD"/>
    <property name="user.country" value="US"/>
    <property name="sun.boot.library.path" value="C:\Program Files\Java\jdk-17\bin"/>
    <property name="sun.java.command" value="C:\Users\ryanr\AppData\Local\Temp\surefire16011432882992124864\surefirebooter-20241001103616842_3.jar C:\Users\ryanr\AppData\Local\Temp\surefire16011432882992124864 2024-10-01T10-36-16_331-jvmRun1 surefire-20241001103616842_1tmp surefire_0-20241001103616842_2tmp"/>
    <property name="jdk.debug" value="release"/>
    <property name="surefire.test.class.path" value="C:\Users\ryanr\OneDrive\Documents\GitHub\CS341-Assignment1\target\test-classes;C:\Users\ryanr\OneDrive\Documents\GitHub\CS341-Assignment1\target\classes;C:\Users\ryanr\.m2\repository\org\junit\jupiter\junit-jupiter-api\5.8.1\junit-jupiter-api-5.8.1.jar;C:\Users\ryanr\.m2\repository\org\opentest4j\opentest4j\1.2.0\opentest4j-1.2.0.jar;C:\Users\ryanr\.m2\repository\org\junit\platform\junit-platform-commons\1.8.1\junit-platform-commons-1.8.1.jar;C:\Users\ryanr\.m2\repository\org\junit\jupiter\junit-jupiter-engine\5.8.1\junit-jupiter-engine-5.8.1.jar;C:\Users\ryanr\.m2\repository\org\junit\platform\junit-platform-engine\1.8.1\junit-platform-engine-1.8.1.jar;C:\Users\ryanr\.m2\repository\org\apiguardian\apiguardian-api\1.1.0\apiguardian-api-1.1.0.jar;"/>
    <property name="sun.cpu.endian" value="little"/>
    <property name="user.home" value="C:\Users\ryanr"/>
    <property name="user.language" value="en"/>
    <property name="java.specification.vendor" value="Oracle Corporation"/>
    <property name="java.version.date" value="2023-07-18"/>
    <property name="java.home" value="C:\Program Files\Java\jdk-17"/>
    <property name="file.separator" value="\"/>
    <property name="basedir" value="C:\Users\ryanr\OneDrive\Documents\GitHub\CS341-Assignment1"/>
    <property name="java.vm.compressedOopsMode" value="Zero based"/>
    <property name="line.separator" value="&#10;"/>
    <property name="java.vm.specification.vendor" value="Oracle Corporation"/>
    <property name="java.specification.name" value="Java Platform API Specification"/>
    <property name="surefire.real.class.path" value="C:\Users\ryanr\AppData\Local\Temp\surefire16011432882992124864\surefirebooter-20241001103616842_3.jar"/>
    <property name="user.script" value=""/>
    <property name="sun.management.compiler" value="HotSpot 64-Bit Tiered Compilers"/>
    <property name="java.runtime.version" value="17.0.8+9-LTS-211"/>
    <property name="user.name" value="ryanr"/>
    <property name="path.separator" value=";"/>
    <property name="os.version" value="10.0"/>
    <property name="java.runtime.name" value="Java(TM) SE Runtime Environment"/>
    <property name="file.encoding" value="Cp1252"/>
    <property name="java.vm.name" value="Java HotSpot(TM) 64-Bit Server VM"/>
    <property name="localRepository" value="C:\Users\ryanr\.m2\repository"/>
    <property name="java.vendor.url.bug" value="https://bugreport.java.com/bugreport/"/>
    <property name="java.io.tmpdir" value="C:\Users\ryanr\AppData\Local\Temp\"/>
    <property name="java.version" value="17.0.8"/>
    <property name="user.dir" value="C:\Users\ryanr\OneDrive\Documents\GitHub\CS341-Assignment1"/>
    <property name="os.arch" value="amd64"/>
    <property name="java.vm.specification.name" value="Java Virtual Machine Specification"/>
    <property name="sun.os.patch.level" value=""/>
    <property name="native.encoding" value="Cp1252"/>
    <property name="java.library.path" value="C:\Program Files\Java\jdk-17\bin;C:\WINDOWS\Sun\Java\bin;C:\WINDOWS\system32;C:\WINDOWS;C:\Program Files\Common Files\Oracle\Java\javapath;C:\Program Files (x86)\Common Files\Oracle\Java\java8path;C:\Program Files (x86)\Common Files\Oracle\Java\javapath;C:\WINDOWS\system32;C:\WINDOWS;C:\WINDOWS\System32\Wbem;C:\WINDOWS\System32\WindowsPowerShell\v1.0\;C:\WINDOWS\System32\OpenSSH\;C:\Program Files\dotnet\;c:\Program Files (x86)\Microsoft SQL Server\100\Tools\Binn\;c:\Program Files\Microsoft SQL Server\100\Tools\Binn\;c:\Program Files\Microsoft SQL Server\100\DTS\Binn\;C:\Program Files\MATLAB\R2023a\bin;C:\Program Files\MATLAB\R2023a\bin\win64;C:\Program Files\Docker\Docker\resources\bin;C:\Program Files\PuTTY\;C:\Program Files (x86)\Yarn\bin\;C:\Program Files\Git\cmd;C:\Program Files\MySQL\MySQL Server 8.0\bin;C:\Users\ryanr\AppData\Roaming\nvm;C:\Program Files\nodejs;C:\sqlite3;C:\Program Files\Apache\bin;C:\Program Files\Java\jdk-20\bin;C:\Ruby33-x64\bin;C:\Users\ryanr\AppData\Local\Programs\Python\Python312\Scripts\;C:\Users\ryanr\AppData\Local\Programs\Python\Python312\;C:\Users\ryanr\AppData\Local\Microsoft\WindowsApps;C:\Users\ryanr\AppData\Local\Programs\Microsoft VS Code\bin;C:\Program Files\JetBrains\IntelliJ IDEA 2023.2.1\bin;;C:\Users\ryanr\AppData\Local\GitHubDesktop\bin;C:\Users\ryanr\AppData\Roaming\npm;C:\Users\ryanr\AppData\Local\Microsoft\WinGet\Packages\Schniz.fnm_Microsoft.Winget.Source_8wekyb3d8bbwe;C:\Users\ryanr\AppData\Local\Yarn\bin;C:\Program Files\MySQL\MySQL Server 8.0\bin;C:\msys64;C:\Users\ryanr\AppData\Roaming\nvm;C:\Program Files\nodejs;C:\sqlite3;C:\Program Files\Apache\bin;C:\Program Files\Java\jdk-20\bin;;."/>
    <property name="java.vm.info" value="mixed mode, sharing"/>
    <property name="java.vendor" value="Oracle Corporation"/>
    <property name="java.vm.version" value="17.0.8+9-LTS-211"/>
    <property name="sun.io.unicode.encoding" value="UnicodeLittle"/>
    <property name="java.class.version" value="61.0"/>
  </properties>
  <testcase name="testPropertyLoanCase_TC_PB1" classname="CalcInterestTest" time="0.069"/>
  <testcase name="testPropertyLoanCase_TC_PB2" classname="CalcInterestTest" time="0.003"/>
  <testcase name="testPropertyLoanCase_TC_PB3" classname="CalcInterestTest" time="0.002"/>
  <testcase name="testPropertyLoanCase_TC_PB4" classname="CalcInterestTest" time="0.001"/>
  <testcase name="testPropertyLoanCase_TC_PB5" classname="CalcInterestTest" time="0.004"/>
  <testcase name="testInvalidLoanTypeZero_TC_E6" classname="CalcInterestTest" time="0.001"/>
  <testcase name="testNegativeYearLoan_TC_E3" classname="CalcInterestTest" time="0.002"/>
  <testcase name="testUnrealisticYearLoan_TC_E4" classname="CalcInterestTest" time="0.002"/>
  <testcase name="testInvalidLoanType_TC_E1" classname="CalcInterestTest" time="0.002"/>
  <testcase name="testHomeLoanCase_TC_HB1" classname="CalcInterestTest" time="0.002"/>
  <testcase name="testHomeLoanCase_TC_HB2" classname="CalcInterestTest" time="0.002"/>
  <testcase name="testHomeLoanCase_TC_HB3" classname="CalcInterestTest" time="0.001"/>
  <testcase name="testHomeLoanCase_TC_HB4" classname="CalcInterestTest" time="0.002"/>
  <testcase name="testHomeLoanCase_TC_HB5" classname="CalcInterestTest" time="0.002"/>
  <testcase name="testYearLoanZero_TC_E5" classname="CalcInterestTest" time="0.001"/>
  <testcase name="testNegativeLoanAmount_TC_E2" classname="CalcInterestTest" time="0.002"/>
</testsuite>